<?xml version="1.0" encoding="UTF-8"?>
<testsuite xmlns:xsi="http://www.w3.org/2001/XMLSchema-instance" xsi:noNamespaceSchemaLocation="https://maven.apache.org/surefire/maven-surefire-plugin/xsd/surefire-test-report-3.0.xsd" version="3.0" name="TestSuite" time="60.107" tests="15" errors="0" skipped="0" failures="0">
  <properties>
[...]
</properties>
  <testcase name="runScenario[&quot;PF Check login with valid creds&quot;, &quot;Page Factory Login functionality&quot;](1)" classname="TestRunner.CucumberTestRunner" time="3.387">
    <system-out><![CDATA[
Scenario Outline: PF Check login with valid creds              # src/test/resources/Features/PFlogin2.feature:12
  Given pF user is on login page                               # StepDefinitions.pageFactory.p_f_user_is_on_login_page()
  When pF user enters valid "standard_user" and "secret_sauce" # StepDefinitions.pageFactory.p_f_user_enters_valid_and(java.lang.String,java.lang.String)
  And pF clickss on login button                               # StepDefinitions.pageFactory.p_f_clickss_on_login_button()
  Then pF userr navigated to home                              # StepDefinitions.pageFactory.p_f_userr_navigated_to_home()
]]></system-out>
    <system-err><![CDATA[SLF4J: Failed to load class "org.slf4j.impl.StaticLoggerBinder".
SLF4J: Defaulting to no-operation (NOP) logger implementation
SLF4J: See http://www.slf4j.org/codes.html#StaticLoggerBinder for further details.
Nov 21, 2024 5:45:22 PM org.openqa.selenium.devtools.CdpVersionFinder findNearestMatch
WARNING: Unable to find an exact match for CDP version 131, returning the closest version; found: 130; Please update to a Selenium version that supports CDP version 131
]]></system-err>
  </testcase>
  <testcase name="runScenario[&quot;PF Check login with valid creds&quot;, &quot;Page Factory Login functionality&quot;](2)" classname="TestRunner.CucumberTestRunner" time="2.994">
    <system-out><![CDATA[
Scenario Outline: PF Check login with valid creds                # src/test/resources/Features/PFlogin2.feature:13
  Given pF user is on login page                                 # StepDefinitions.pageFactory.p_f_user_is_on_login_page()
  When pF user enters valid "locked_out_user" and "secret_sauce" # StepDefinitions.pageFactory.p_f_user_enters_valid_and(java.lang.String,java.lang.String)
  And pF clickss on login button                                 # StepDefinitions.pageFactory.p_f_clickss_on_login_button()
  Then pF userr navigated to home                                # StepDefinitions.pageFactory.p_f_userr_navigated_to_home()
]]></system-out>
    <system-err><![CDATA[Nov 21, 2024 5:45:25 PM org.openqa.selenium.devtools.CdpVersionFinder findNearestMatch
WARNING: Unable to find an exact match for CDP version 131, returning the closest version; found: 130; Please update to a Selenium version that supports CDP version 131
]]></system-err>
  </testcase>
  <testcase name="runScenario[&quot;Check login with entering valid creds manually&quot;, &quot;Login functionality&quot;](3)" classname="TestRunner.CucumberTestRunner" time="3.561">
    <system-out><![CDATA[
Scenario: Check login with entering valid creds manually # src/test/resources/Features/login.feature:5
  Given user is on the login page                        # StepDefinitions.LoginSteps.user_is_on_the_login_page()
  When user enters valid uname and password              # StepDefinitions.LoginSteps.user_enters_valid_uname_and_password()
  And clicks on login button                             # StepDefinitions.LoginSteps.clicks_on_login_button()
  Then user navigated to home page                       # StepDefinitions.LoginSteps.user_navigated_to_home_page()
]]></system-out>
    <system-err><![CDATA[Nov 21, 2024 5:45:28 PM org.openqa.selenium.devtools.CdpVersionFinder findNearestMatch
WARNING: Unable to find an exact match for CDP version 131, returning the closest version; found: 130; Please update to a Selenium version that supports CDP version 131
]]></system-err>
  </testcase>
  <testcase name="runScenario[&quot;Check login with valid creds with parameterization&quot;, &quot;Login functionality&quot;](4)" classname="TestRunner.CucumberTestRunner" time="2.819">
    <system-out><![CDATA[
Scenario Outline: Check login with valid creds with parameterization # src/test/resources/Features/login.feature:22
  Given userr is on login page                                       # StepDefinitions.LoginParameterization.user_is_on_login_page()
  When userr enters valid "standard_user" and "secret_sauce"         # StepDefinitions.LoginParameterization.user_enters_valid_and(java.lang.String,java.lang.String)
  And clickss on login button                                        # StepDefinitions.LoginParameterization.clicks_on_login_button()
  Then userr navigated to home page                                  # StepDefinitions.LoginParameterization.user_navigated_to_home_page()
]]></system-out>
    <system-err><![CDATA[Nov 21, 2024 5:45:31 PM org.openqa.selenium.devtools.CdpVersionFinder findNearestMatch
WARNING: Unable to find an exact match for CDP version 131, returning the closest version; found: 130; Please update to a Selenium version that supports CDP version 131
]]></system-err>
  </testcase>
  <testcase name="runScenario[&quot;Check login with valid creds with parameterization&quot;, &quot;Login functionality&quot;](5)" classname="TestRunner.CucumberTestRunner" time="2.838">
    <system-out><![CDATA[
Scenario Outline: Check login with valid creds with parameterization # src/test/resources/Features/login.feature:23
  Given userr is on login page                                       # StepDefinitions.LoginParameterization.user_is_on_login_page()
  When userr enters valid "locked_out_user" and "secret_sauce"       # StepDefinitions.LoginParameterization.user_enters_valid_and(java.lang.String,java.lang.String)
  And clickss on login button                                        # StepDefinitions.LoginParameterization.clicks_on_login_button()
  Then userr navigated to home page                                  # StepDefinitions.LoginParameterization.user_navigated_to_home_page()
]]></system-out>
    <system-err><![CDATA[Nov 21, 2024 5:45:34 PM org.openqa.selenium.devtools.CdpVersionFinder findNearestMatch
WARNING: Unable to find an exact match for CDP version 131, returning the closest version; found: 130; Please update to a Selenium version that supports CDP version 131
]]></system-err>
  </testcase>
  <testcase name="runScenario[&quot;Check login with valid creds with parameterization&quot;, &quot;Login functionality&quot;](6)" classname="TestRunner.CucumberTestRunner" time="2.759">
    <system-out><![CDATA[
Scenario Outline: Check login with valid creds with parameterization # src/test/resources/Features/login.feature:24
  Given userr is on login page                                       # StepDefinitions.LoginParameterization.user_is_on_login_page()
  When userr enters valid "problem_user" and "secret_sauce"          # StepDefinitions.LoginParameterization.user_enters_valid_and(java.lang.String,java.lang.String)
  And clickss on login button                                        # StepDefinitions.LoginParameterization.clicks_on_login_button()
  Then userr navigated to home page                                  # StepDefinitions.LoginParameterization.user_navigated_to_home_page()
]]></system-out>
    <system-err><![CDATA[Nov 21, 2024 5:45:37 PM org.openqa.selenium.devtools.CdpVersionFinder findNearestMatch
WARNING: Unable to find an exact match for CDP version 131, returning the closest version; found: 130; Please update to a Selenium version that supports CDP version 131
]]></system-err>
  </testcase>
  <testcase name="runScenario[&quot;Check login with valid creds with parameterization&quot;, &quot;Login functionality&quot;](7)" classname="TestRunner.CucumberTestRunner" time="8.058">
    <system-out><![CDATA[
Scenario Outline: Check login with valid creds with parameterization   # src/test/resources/Features/login.feature:25
  Given userr is on login page                                         # StepDefinitions.LoginParameterization.user_is_on_login_page()
  When userr enters valid "performance_glitch_user" and "secret_sauce" # StepDefinitions.LoginParameterization.user_enters_valid_and(java.lang.String,java.lang.String)
  And clickss on login button                                          # StepDefinitions.LoginParameterization.clicks_on_login_button()
  Then userr navigated to home page                                    # StepDefinitions.LoginParameterization.user_navigated_to_home_page()
]]></system-out>
    <system-err><![CDATA[Nov 21, 2024 5:45:40 PM org.openqa.selenium.devtools.CdpVersionFinder findNearestMatch
WARNING: Unable to find an exact match for CDP version 131, returning the closest version; found: 130; Please update to a Selenium version that supports CDP version 131
]]></system-err>
  </testcase>
  <testcase name="runScenario[&quot;POM-Check login with valid creds&quot;, &quot;Login functionality from POM&quot;](8)" classname="TestRunner.CucumberTestRunner" time="2.564">
    <system-out><![CDATA[
Scenario Outline: POM-Check login with valid creds              # src/test/resources/Features/pom_login.feature:11
  Given pom user is on login page                               # StepDefinitions.Pom_Login.pom_user_is_on_login_page()
  When pom user enters valid "standard_user" and "secret_sauce" # StepDefinitions.Pom_Login.pom_user_enters_valid_and(java.lang.String,java.lang.String)
  And pom clickss on login button                               # StepDefinitions.Pom_Login.pom_clickss_on_login_button()
  Then pom userr navigated to home                              # StepDefinitions.Pom_Login.pom_userr_navigated_to_home()
]]></system-out>
    <system-err><![CDATA[Nov 21, 2024 5:45:48 PM org.openqa.selenium.devtools.CdpVersionFinder findNearestMatch
WARNING: Unable to find an exact match for CDP version 131, returning the closest version; found: 130; Please update to a Selenium version that supports CDP version 131
]]></system-err>
  </testcase>
  <testcase name="runScenario[&quot;POM-Check login with valid creds&quot;, &quot;Login functionality from POM&quot;](9)" classname="TestRunner.CucumberTestRunner" time="2.441">
    <system-out><![CDATA[
Scenario Outline: POM-Check login with valid creds                # src/test/resources/Features/pom_login.feature:12
  Given pom user is on login page                                 # StepDefinitions.Pom_Login.pom_user_is_on_login_page()
  When pom user enters valid "locked_out_user" and "secret_sauce" # StepDefinitions.Pom_Login.pom_user_enters_valid_and(java.lang.String,java.lang.String)
  And pom clickss on login button                                 # StepDefinitions.Pom_Login.pom_clickss_on_login_button()
  Then pom userr navigated to home                                # StepDefinitions.Pom_Login.pom_userr_navigated_to_home()
]]></system-out>
    <system-err><![CDATA[Nov 21, 2024 5:45:51 PM org.openqa.selenium.devtools.CdpVersionFinder findNearestMatch
WARNING: Unable to find an exact match for CDP version 131, returning the closest version; found: 130; Please update to a Selenium version that supports CDP version 131
]]></system-err>
  </testcase>
  <testcase name="runScenario[&quot;POM-Check login with valid creds&quot;, &quot;Login functionality from POM&quot;](10)" classname="TestRunner.CucumberTestRunner" time="2.939">
    <system-out><![CDATA[
Scenario Outline: POM-Check login with valid creds             # src/test/resources/Features/pom_login.feature:13
  Given pom user is on login page                              # StepDefinitions.Pom_Login.pom_user_is_on_login_page()
  When pom user enters valid "problem_user" and "secret_sauce" # StepDefinitions.Pom_Login.pom_user_enters_valid_and(java.lang.String,java.lang.String)
  And pom clickss on login button                              # StepDefinitions.Pom_Login.pom_clickss_on_login_button()
  Then pom userr navigated to home                             # StepDefinitions.Pom_Login.pom_userr_navigated_to_home()
]]></system-out>
    <system-err><![CDATA[Nov 21, 2024 5:45:53 PM org.openqa.selenium.devtools.CdpVersionFinder findNearestMatch
WARNING: Unable to find an exact match for CDP version 131, returning the closest version; found: 130; Please update to a Selenium version that supports CDP version 131
]]></system-err>
  </testcase>
  <testcase name="runScenario[&quot;POM-Check login with valid creds&quot;, &quot;Login functionality from POM&quot;](11)" classname="TestRunner.CucumberTestRunner" time="8.176">
    <system-out><![CDATA[
Scenario Outline: POM-Check login with valid creds                        # src/test/resources/Features/pom_login.feature:14
  Given pom user is on login page                                         # StepDefinitions.Pom_Login.pom_user_is_on_login_page()
  When pom user enters valid "performance_glitch_user" and "secret_sauce" # StepDefinitions.Pom_Login.pom_user_enters_valid_and(java.lang.String,java.lang.String)
  And pom clickss on login button                                         # StepDefinitions.Pom_Login.pom_clickss_on_login_button()
  Then pom userr navigated to home                                        # StepDefinitions.Pom_Login.pom_userr_navigated_to_home()
]]></system-out>
    <system-err><![CDATA[Nov 21, 2024 5:45:56 PM org.openqa.selenium.devtools.CdpVersionFinder findNearestMatch
WARNING: Unable to find an exact match for CDP version 131, returning the closest version; found: 130; Please update to a Selenium version that supports CDP version 131
]]></system-err>
  </testcase>
  <testcase name="runScenario[&quot;POM-Check login with valid creds&quot;, &quot;Login functionality from POM&quot;](12)" classname="TestRunner.CucumberTestRunner" time="2.601">
    <system-out><![CDATA[
Scenario Outline: POM-Check login with valid creds              # src/test/resources/Features/pom_login2.feature:11
  Given pom user is on login page                               # StepDefinitions.Pom_Login.pom_user_is_on_login_page()
  When pom user enters valid "standard_user" and "secret_sauce" # StepDefinitions.Pom_Login.pom_user_enters_valid_and(java.lang.String,java.lang.String)
  And pom clickss on login button                               # StepDefinitions.Pom_Login.pom_clickss_on_login_button()
  Then pom userr navigated to home                              # StepDefinitions.Pom_Login.pom_userr_navigated_to_home()
]]></system-out>
    <system-err><![CDATA[Nov 21, 2024 5:46:04 PM org.openqa.selenium.devtools.CdpVersionFinder findNearestMatch
WARNING: Unable to find an exact match for CDP version 131, returning the closest version; found: 130; Please update to a Selenium version that supports CDP version 131
]]></system-err>
  </testcase>
  <testcase name="runScenario[&quot;POM-Check login with valid creds&quot;, &quot;Login functionality from POM&quot;](13)" classname="TestRunner.CucumberTestRunner" time="2.482">
    <system-out><![CDATA[
Scenario Outline: POM-Check login with valid creds                # src/test/resources/Features/pom_login2.feature:12
  Given pom user is on login page                                 # StepDefinitions.Pom_Login.pom_user_is_on_login_page()
  When pom user enters valid "locked_out_user" and "secret_sauce" # StepDefinitions.Pom_Login.pom_user_enters_valid_and(java.lang.String,java.lang.String)
  And pom clickss on login button                                 # StepDefinitions.Pom_Login.pom_clickss_on_login_button()
  Then pom userr navigated to home                                # StepDefinitions.Pom_Login.pom_userr_navigated_to_home()
]]></system-out>
    <system-err><![CDATA[Nov 21, 2024 5:46:07 PM org.openqa.selenium.devtools.CdpVersionFinder findNearestMatch
WARNING: Unable to find an exact match for CDP version 131, returning the closest version; found: 130; Please update to a Selenium version that supports CDP version 131
]]></system-err>
  </testcase>
  <testcase name="runScenario[&quot;POM-Check login with valid creds&quot;, &quot;Login functionality from POM&quot;](14)" classname="TestRunner.CucumberTestRunner" time="2.882">
    <system-out><![CDATA[
Scenario Outline: POM-Check login with valid creds             # src/test/resources/Features/pom_login2.feature:13
  Given pom user is on login page                              # StepDefinitions.Pom_Login.pom_user_is_on_login_page()
  When pom user enters valid "problem_user" and "secret_sauce" # StepDefinitions.Pom_Login.pom_user_enters_valid_and(java.lang.String,java.lang.String)
  And pom clickss on login button                              # StepDefinitions.Pom_Login.pom_clickss_on_login_button()
  Then pom userr navigated to home                             # StepDefinitions.Pom_Login.pom_userr_navigated_to_home()
]]></system-out>
    <system-err><![CDATA[Nov 21, 2024 5:46:09 PM org.openqa.selenium.devtools.CdpVersionFinder findNearestMatch
WARNING: Unable to find an exact match for CDP version 131, returning the closest version; found: 130; Please update to a Selenium version that supports CDP version 131
]]></system-err>
  </testcase>
  <testcase name="runScenario[&quot;POM-Check login with valid creds&quot;, &quot;Login functionality from POM&quot;](15)" classname="TestRunner.CucumberTestRunner" time="8.178">
    <system-out><![CDATA[
Scenario Outline: POM-Check login with valid creds                        # src/test/resources/Features/pom_login2.feature:14
  Given pom user is on login page                                         # StepDefinitions.Pom_Login.pom_user_is_on_login_page()
  When pom user enters valid "performance_glitch_user" and "secret_sauce" # StepDefinitions.Pom_Login.pom_user_enters_valid_and(java.lang.String,java.lang.String)
  And pom clickss on login button                                         # StepDefinitions.Pom_Login.pom_clickss_on_login_button()
  Then pom userr navigated to home                                        # StepDefinitions.Pom_Login.pom_userr_navigated_to_home()
]]></system-out>
    <system-err><![CDATA[Nov 21, 2024 5:46:12 PM org.openqa.selenium.devtools.CdpVersionFinder findNearestMatch
WARNING: Unable to find an exact match for CDP version 131, returning the closest version; found: 130; Please update to a Selenium version that supports CDP version 131
]]></system-err>
  </testcase>
</testsuite>